SF:lib\_l10n\_generated\l10n.dart
DA:17,5
DA:21,5
DA:23,5
DA:29,5
DA:30,10
DA:31,5
DA:32,15
DA:33,5
DA:34,5
DA:41,0
DA:42,0
DA:43,0
DA:48,0
DA:49,0
DA:53,3
DA:54,3
DA:58,3
DA:63,3
DA:64,3
DA:68,3
DA:73,2
DA:74,2
DA:78,2
DA:83,2
DA:84,2
DA:88,2
DA:93,1
DA:94,1
DA:98,1
DA:103,1
DA:104,1
DA:108,1
DA:113,2
DA:114,2
DA:118,2
DA:123,2
DA:124,2
DA:128,2
DA:133,2
DA:134,2
DA:138,2
DA:143,2
DA:144,2
DA:148,2
DA:153,0
DA:154,0
DA:158,0
DA:163,0
DA:164,0
DA:168,0
DA:173,0
DA:174,0
DA:178,0
DA:183,0
DA:184,0
DA:188,0
DA:193,0
DA:194,0
DA:198,0
DA:203,0
DA:204,0
DA:208,0
DA:213,0
DA:214,0
DA:218,0
DA:223,0
DA:224,0
DA:228,0
DA:233,0
DA:234,0
DA:238,0
DA:243,0
DA:244,0
DA:248,0
DA:253,0
DA:254,0
DA:258,0
DA:263,0
DA:264,0
DA:265,0
DA:268,0
DA:273,0
DA:274,0
DA:278,0
DA:283,0
DA:284,0
DA:288,0
DA:293,0
DA:294,0
DA:298,0
DA:303,0
DA:304,0
DA:308,0
DA:313,0
DA:314,0
DA:318,0
DA:323,2
DA:324,2
DA:328,2
DA:333,2
DA:334,2
DA:338,2
DA:343,2
DA:344,2
DA:348,2
DA:353,2
DA:354,2
DA:358,2
DA:363,2
DA:364,2
DA:368,2
DA:373,2
DA:374,2
DA:378,2
DA:383,2
DA:384,2
DA:388,2
DA:393,2
DA:394,2
DA:398,2
DA:403,2
DA:404,2
DA:408,2
DA:413,2
DA:414,2
DA:418,2
DA:423,0
DA:424,0
DA:428,0
DA:433,0
DA:434,0
DA:438,0
DA:443,0
DA:444,0
DA:448,0
DA:453,0
DA:454,0
DA:458,0
DA:463,0
DA:464,0
DA:468,0
DA:473,0
DA:474,0
DA:478,0
DA:483,0
DA:484,0
DA:485,0
DA:488,0
DA:493,0
DA:494,0
DA:495,0
DA:498,0
DA:503,0
DA:504,0
DA:505,0
DA:508,0
DA:513,0
DA:514,0
DA:517,0
DA:520,0
DA:525,0
DA:526,0
DA:530,0
DA:535,0
DA:536,0
DA:540,0
DA:545,0
DA:546,0
DA:550,0
DA:555,0
DA:556,0
DA:560,0
DA:565,0
DA:566,0
DA:570,0
DA:575,0
DA:576,0
DA:580,0
DA:585,0
DA:586,0
DA:590,0
DA:595,0
DA:596,0
DA:600,0
DA:605,0
DA:606,0
DA:610,0
DA:615,0
DA:616,0
DA:620,0
DA:625,0
DA:626,0
DA:630,0
DA:635,0
DA:636,0
DA:640,0
DA:645,0
DA:646,0
DA:650,0
DA:655,0
DA:656,0
DA:660,0
DA:665,0
DA:666,0
DA:670,0
DA:675,0
DA:676,0
DA:680,0
DA:685,0
DA:686,0
DA:690,0
DA:695,0
DA:696,0
DA:700,0
DA:705,0
DA:706,0
DA:710,0
DA:715,0
DA:716,0
DA:720,0
DA:725,0
DA:726,0
DA:730,0
DA:735,0
DA:736,0
DA:740,0
DA:745,0
DA:746,0
DA:750,0
DA:755,0
DA:756,0
DA:760,0
DA:765,0
DA:766,0
DA:770,0
DA:775,0
DA:776,0
DA:780,0
DA:786,12
DA:788,0
DA:795,0
DA:796,0
DA:797,5
DA:798,5
DA:799,0
DA:802,0
DA:803,0
DA:804,0
LF:248
LH:72
end_of_record
SF:lib\feature\assets\domain\exception\finary_exception.dart
DA:5,12
DA:7,12
DA:9,6
DA:11,1
DA:13,2
DA:14,2
DA:15,1
LF:7
LH:7
end_of_record
SF:lib\_l10n\_generated\intl\messages_all.dart
DA:23,15
DA:24,0
DA:25,0
DA:28,0
DA:30,0
DA:31,0
DA:32,0
DA:33,0
DA:40,5
DA:41,5
DA:42,15
DA:43,5
DA:45,5
DA:47,0
DA:48,0
DA:49,0
DA:50,0
DA:51,0
DA:54,0
DA:56,0
DA:62,0
DA:64,0
DA:66,0
LF:23
LH:6
end_of_record
SF:lib\_l10n\_generated\intl\messages_en.dart
DA:16,0
DA:21,0
DA:23,0
DA:25,0
DA:26,0
DA:28,0
DA:29,0
DA:31,0
DA:32,0
DA:34,0
DA:35,0
DA:38,0
DA:39,0
DA:42,0
DA:44,0
DA:45,0
DA:48,0
DA:49,0
DA:51,0
DA:53,0
DA:54,0
DA:55,0
DA:57,0
DA:59,0
DA:62,0
DA:65,0
DA:66,0
DA:68,0
DA:69,0
DA:72,0
DA:73,0
DA:75,0
DA:76,0
DA:78,0
DA:80,0
DA:83,0
DA:85,0
DA:86,0
DA:88,0
DA:89,0
DA:90,0
DA:92,0
DA:93,0
DA:95,0
DA:97,0
DA:98,0
DA:99,0
DA:100,0
DA:101,0
DA:102,0
DA:103,0
DA:104,0
DA:106,0
DA:108,0
DA:109,0
DA:110,0
DA:112,0
DA:113,0
DA:115,0
DA:118,0
DA:119,0
DA:120,0
DA:123,0
DA:124,0
DA:127,0
DA:128,0
DA:129,0
DA:132,0
DA:133,0
DA:134,0
DA:135,0
DA:136,0
DA:137,0
DA:140,0
DA:142,0
DA:144,0
DA:147,0
DA:148,0
DA:150,0
DA:151,0
LF:80
LH:0
end_of_record
SF:lib\_l10n\_generated\intl\messages_fr.dart
DA:16,0
DA:21,0
DA:23,0
DA:25,0
DA:26,0
DA:28,0
DA:29,0
DA:31,0
DA:32,0
DA:34,0
DA:35,0
DA:38,0
DA:39,0
DA:41,0
DA:44,0
DA:45,0
DA:48,0
DA:49,0
DA:51,0
DA:53,0
DA:54,0
DA:55,0
DA:57,0
DA:59,0
DA:62,0
DA:65,0
DA:66,0
DA:68,0
DA:69,0
DA:71,0
DA:74,0
DA:76,0
DA:77,0
DA:79,0
DA:81,0
DA:84,0
DA:86,0
DA:87,0
DA:88,0
DA:91,0
DA:93,0
DA:95,0
DA:96,0
DA:98,0
DA:100,0
DA:101,0
DA:102,0
DA:103,0
DA:105,0
DA:106,0
DA:107,0
DA:108,0
DA:110,0
DA:112,0
DA:113,0
DA:114,0
DA:116,0
DA:117,0
DA:119,0
DA:121,0
DA:123,0
DA:124,0
DA:127,0
DA:128,0
DA:131,0
DA:133,0
DA:134,0
DA:137,0
DA:138,0
DA:139,0
DA:140,0
DA:141,0
DA:142,0
DA:145,0
DA:147,0
DA:149,0
DA:152,0
DA:153,0
DA:155,0
DA:156,0
LF:80
LH:0
end_of_record
SF:lib\feature\assets\application\assets_service.dart
DA:10,0
DA:12,0
DA:13,0
DA:14,0
DA:15,0
DA:16,0
DA:17,0
DA:22,1
DA:36,1
DA:37,4
DA:38,2
DA:43,1
DA:44,3
DA:47,1
DA:48,3
DA:51,1
DA:52,2
DA:55,1
DA:56,3
DA:59,1
DA:60,2
DA:62,1
DA:66,2
DA:68,1
DA:69,1
DA:71,1
DA:74,1
DA:75,2
DA:77,1
DA:81,2
DA:83,1
DA:84,1
DA:86,1
DA:89,1
DA:90,2
DA:91,1
LF:36
LH:29
end_of_record
SF:lib\feature\assets\application\_generated\assets_service.g.dart
DA:9,0
DA:13,0
LF:2
LH:0
end_of_record
SF:lib\feature\assets\domain\model\assets_model.dart
DA:10,2
DA:18,2
DA:24,2
DA:25,8
DA:26,8
DA:27,6
DA:28,6
DA:29,2
DA:31,4
DA:32,4
DA:33,4
DA:35,10
DA:36,2
DA:37,4
DA:38,6
DA:41,10
DA:42,2
DA:43,4
DA:44,6
DA:47,10
DA:48,2
DA:49,4
DA:50,6
DA:53,10
DA:54,2
DA:55,4
DA:56,6
DA:59,10
DA:60,2
DA:61,4
DA:62,6
DA:65,10
DA:66,2
DA:67,4
DA:68,6
DA:71,10
DA:72,2
DA:73,4
DA:74,6
DA:77,10
DA:78,2
DA:79,4
DA:80,6
DA:83,10
DA:84,2
DA:85,4
DA:86,6
DA:89,10
DA:90,2
DA:91,4
DA:92,6
LF:51
LH:51
end_of_record
SF:lib\feature\assets\domain\repository\assets_repository.dart
DA:12,0
DA:14,0
DA:15,0
DA:17,0
DA:21,1
DA:26,1
DA:27,1
DA:28,1
DA:33,2
DA:34,2
DA:35,2
DA:37,2
DA:40,1
DA:41,0
LF:14
LH:9
end_of_record
SF:lib\feature\assets\domain\repository\_generated\assets_repository.g.dart
DA:9,0
DA:13,0
LF:2
LH:0
end_of_record
SF:lib\feature\authentication\domain\repository\authentication_repository.dart
DA:10,0
DA:12,0
DA:13,0
DA:15,0
DA:19,1
DA:27,1
DA:29,1
DA:30,2
DA:32,0
DA:33,0
DA:37,1
DA:39,1
DA:40,2
DA:42,1
DA:44,4
DA:48,1
DA:50,3
DA:54,2
DA:55,0
DA:56,0
LF:20
LH:12
end_of_record
SF:lib\feature\authentication\domain\repository\_generated\authentication_repository.g.dart
DA:9,0
DA:14,0
DA:15,0
LF:3
LH:0
end_of_record
SF:lib\shared\domain\repository\local_storage_repository.dart
DA:8,0
DA:10,0
DA:12,0
DA:16,1
DA:23,1
DA:24,2
DA:27,1
DA:28,2
DA:31,1
DA:32,2
DA:35,1
DA:36,2
DA:39,1
DA:41,2
DA:44,1
DA:45,3
LF:16
LH:13
end_of_record
SF:lib\shared\domain\repository\_generated\local_storage_repository.g.dart
DA:9,0
DA:14,0
DA:15,0
LF:3
LH:0
end_of_record
SF:lib\shared\presentation\provider\app_cache_controller.dart
DA:23,0
DA:28,0
DA:29,0
DA:31,0
DA:33,0
DA:34,0
DA:38,0
DA:39,0
DA:40,0
DA:44,0
DA:45,0
DA:49,0
DA:50,0
DA:51,0
DA:56,0
DA:57,0
DA:62,0
DA:63,0
DA:68,0
DA:69,0
DA:73,0
DA:74,0
DA:75,0
LF:23
LH:0
end_of_record
SF:lib\shared\presentation\provider\_generated\app_cache_controller.g.dart
DA:9,0
DA:10,0
DA:11,0
DA:13,0
DA:14,0
DA:15,0
DA:19,1
DA:20,1
DA:21,1
DA:22,1
DA:29,0
DA:34,0
DA:35,0
LF:13
LH:4
end_of_record
SF:lib\feature\assets\data\data_source\finary_data_source.dart
DA:14,0
DA:16,0
DA:20,0
DA:28,0
DA:33,0
DA:35,0
DA:36,0
DA:37,0
DA:40,0
DA:41,0
DA:42,0
DA:45,0
DA:48,0
DA:51,0
DA:53,0
DA:54,0
DA:55,0
DA:59,0
DA:62,0
DA:66,0
DA:68,0
DA:69,0
DA:70,0
DA:73,0
DA:74,0
DA:77,0
DA:80,0
DA:83,0
DA:85,0
DA:86,0
DA:87,0
DA:91,0
LF:32
LH:0
end_of_record
SF:lib\feature\assets\data\data_source\_generated\finary_data_source.g.dart
DA:9,0
DA:13,0
LF:2
LH:0
end_of_record
SF:lib\feature\assets\data\dto\geographical_repartition_dto.dart
DA:13,0
DA:15,0
DA:16,0
DA:27,0
DA:28,0
DA:30,0
DA:31,0
DA:43,0
DA:44,0
DA:46,0
DA:47,0
LF:11
LH:0
end_of_record
SF:lib\feature\assets\data\dto\_generated\geographical_repartition_dto.g.dart
DA:9,0
DA:11,0
DA:12,0
DA:13,0
DA:16,0
DA:18,0
DA:19,0
DA:22,0
DA:25,0
DA:26,0
DA:27,0
DA:28,0
DA:30,0
DA:33,0
DA:35,0
DA:36,0
DA:37,0
DA:40,0
DA:43,0
DA:44,0
DA:45,0
DA:46,0
DA:49,0
DA:51,0
DA:52,0
DA:53,0
DA:54,0
LF:27
LH:0
end_of_record
SF:lib\feature\assets\data\dto\investment_summary_dto.dart
DA:14,0
DA:16,0
DA:17,0
DA:28,0
DA:48,0
DA:49,0
DA:52,0
DA:53,0
LF:8
LH:0
end_of_record
SF:lib\feature\assets\data\dto\_generated\investment_summary_dto.g.dart
DA:9,0
DA:11,0
DA:12,0
DA:13,0
DA:16,0
DA:18,0
DA:19,0
DA:22,0
DA:24,0
DA:25,0
DA:26,0
DA:28,0
DA:29,0
DA:32,0
DA:34,0
DA:35,0
DA:36,0
DA:39,0
DA:42,0
DA:43,0
DA:44,0
DA:45,0
DA:46,0
DA:47,0
DA:48,0
DA:49,0
DA:50,0
DA:51,0
DA:52,0
DA:53,0
DA:54,0
DA:55,0
DA:56,0
DA:57,0
DA:58,0
DA:59,0
DA:60,0
DA:61,0
DA:62,0
DA:64,0
DA:65,0
DA:66,0
DA:69,0
DA:71,0
DA:72,0
DA:73,0
DA:74,0
DA:75,0
DA:76,0
DA:77,0
DA:78,0
DA:79,0
DA:80,0
DA:81,0
DA:82,0
DA:83,0
LF:56
LH:0
end_of_record
SF:lib\feature\assets\data\dto\period_dto.dart
DA:19,0
DA:21,0
DA:22,0
DA:23,0
DA:24,0
DA:25,0
DA:26,0
LF:7
LH:0
end_of_record
SF:lib\feature\assets\data\dto\stocks_detail_dto.dart
DA:14,0
DA:16,0
DA:17,0
DA:28,0
DA:39,0
DA:53,0
DA:67,0
DA:68,0
LF:8
LH:0
end_of_record
SF:lib\feature\assets\data\dto\_generated\stocks_detail_dto.g.dart
DA:9,0
DA:11,0
DA:13,0
DA:16,0
DA:18,0
DA:19,0
DA:22,0
DA:24,0
DA:25,0
DA:26,0
DA:27,0
DA:28,0
DA:31,0
DA:33,0
DA:34,0
DA:35,0
DA:38,0
DA:40,0
DA:41,0
DA:42,0
DA:43,0
DA:44,0
DA:45,0
DA:46,0
DA:49,0
DA:51,0
DA:52,0
DA:53,0
DA:54,0
DA:57,0
DA:59,0
DA:60,0
DA:61,0
DA:63,0
DA:64,0
DA:65,0
DA:66,0
DA:67,0
DA:70,0
DA:72,0
DA:73,0
DA:74,0
DA:75,0
DA:76,0
DA:77,0
DA:78,0
DA:81,0
DA:84,0
DA:85,0
DA:86,0
DA:87,0
DA:88,0
DA:89,0
DA:90,0
DA:94,0
DA:96,0
DA:97,0
DA:98,0
DA:99,0
DA:100,0
DA:101,0
LF:61
LH:0
end_of_record
SF:lib\feature\assets\data\dto\type_dto.dart
DA:13,0
DA:15,0
DA:16,0
DA:17,0
LF:4
LH:0
end_of_record
SF:lib\feature\assets\data\dto\user_info_dto.dart
DA:13,0
DA:15,0
DA:16,0
DA:26,0
DA:28,0
DA:29,0
LF:6
LH:0
end_of_record
SF:lib\feature\assets\data\dto\_generated\user_info_dto.g.dart
DA:9,0
DA:10,0
DA:12,0
DA:15,0
DA:16,0
DA:17,0
DA:20,0
DA:22,0
DA:23,0
DA:26,0
DA:28,0
DA:29,0
LF:12
LH:0
end_of_record
SF:lib\shared\constant\app_string.dart
DA:2,0
LF:1
LH:0
end_of_record
SF:lib\feature\assets\data\dto\summary_values_dto.dart
DA:15,0
DA:17,0
DA:18,0
LF:3
LH:0
end_of_record
SF:lib\feature\assets\data\dto\_generated\summary_values_dto.g.dart
DA:9,0
DA:11,0
DA:12,0
DA:13,0
DA:14,0
DA:17,0
DA:19,0
DA:20,0
DA:21,0
DA:22,0
LF:10
LH:0
end_of_record
SF:lib\feature\assets\domain\model\asset_category_model.dart
DA:11,0
DA:13,0
DA:14,0
DA:15,0
DA:16,0
LF:5
LH:0
end_of_record
SF:lib\feature\assets\domain\model\asset_model.dart
DA:9,3
DA:18,3
DA:23,3
DA:26,3
DA:32,2
DA:33,2
DA:34,4
DA:35,4
DA:36,2
DA:37,4
DA:38,4
DA:39,4
DA:40,6
DA:44,2
DA:46,4
DA:47,4
DA:48,2
DA:49,2
DA:61,4
DA:65,1
DA:71,1
LF:21
LH:21
end_of_record
SF:lib\feature\authentication\application\finary_auth_service.dart
DA:9,0
DA:11,0
DA:12,0
DA:13,0
DA:14,0
DA:19,1
DA:29,1
DA:30,2
DA:32,1
DA:35,1
DA:36,2
DA:38,1
DA:39,2
DA:45,1
DA:46,3
DA:48,1
DA:49,2
DA:55,1
DA:56,2
DA:57,2
DA:61,1
DA:62,2
DA:64,2
LF:23
LH:18
end_of_record
SF:lib\feature\authentication\application\_generated\finary_auth_service.g.dart
DA:9,0
DA:13,0
DA:14,0
LF:3
LH:0
end_of_record
SF:lib\feature\authentication\domain\model\finary_authentication_model.dart
DA:4,3
DA:10,2
DA:11,2
DA:12,4
DA:13,6
DA:14,6
LF:6
LH:6
end_of_record
SF:lib\feature\authentication\data\data_source\finary_authentication_data_source.dart
DA:14,0
DA:16,0
DA:18,0
DA:19,0
DA:22,0
DA:23,0
DA:26,0
DA:31,0
DA:33,0
DA:37,0
DA:42,0
DA:44,0
DA:46,0
DA:51,0
DA:52,0
DA:53,0
DA:57,0
DA:58,0
DA:62,0
DA:63,0
DA:64,0
DA:65,0
DA:70,0
DA:73,0
DA:74,0
DA:75,0
DA:78,0
LF:27
LH:0
end_of_record
SF:lib\feature\authentication\data\data_source\_generated\finary_authentication_data_source.g.dart
DA:9,0
DA:14,0
DA:15,0
LF:3
LH:0
end_of_record
SF:lib\feature\authentication\data\dto\authentication_dto.dart
DA:15,0
DA:17,0
DA:18,0
DA:29,0
DA:31,0
DA:32,0
DA:51,0
DA:53,0
DA:54,0
DA:64,0
DA:66,0
DA:67,0
DA:71,0
DA:73,0
DA:75,0
DA:78,0
LF:16
LH:0
end_of_record
SF:lib\feature\authentication\data\dto\_generated\authentication_dto.g.dart
DA:9,0
DA:11,0
DA:12,0
DA:13,0
DA:14,0
DA:15,0
DA:18,0
DA:20,0
DA:21,0
DA:22,0
DA:25,0
DA:27,0
DA:28,0
DA:29,0
DA:33,0
DA:35,0
DA:36,0
DA:37,0
DA:46,0
DA:48,0
DA:49,0
DA:51,0
DA:52,0
DA:56,0
DA:58,0
DA:59,0
DA:62,0
DA:64,0
DA:65,0
DA:68,0
DA:70,0
DA:71,0
LF:32
LH:0
end_of_record
SF:lib\feature\authentication\domain\exception\finary_authentication_exception.dart
DA:5,2
DA:6,10
DA:8,1
DA:9,5
DA:11,1
DA:12,5
DA:14,6
DA:16,2
DA:18,4
DA:20,2
DA:21,2
DA:22,1
LF:12
LH:12
end_of_record
SF:lib\shared\data\data_source\local_storage_data_source.dart
DA:6,0
DA:8,0
DA:14,0
DA:15,0
DA:18,0
DA:19,0
DA:22,0
DA:23,0
DA:26,0
DA:27,0
DA:30,0
DA:31,0
LF:12
LH:0
end_of_record
SF:lib\shared\data\data_source\_generated\local_storage_data_source.g.dart
DA:9,0
DA:14,0
DA:15,0
LF:3
LH:0
end_of_record
SF:lib\feature\settings\application\import_export_data_service.dart
DA:8,0
DA:10,0
DA:11,0
DA:12,0
DA:13,0
DA:18,1
DA:28,1
DA:29,2
DA:32,1
DA:33,2
DA:40,3
DA:41,3
DA:43,2
LF:13
LH:8
end_of_record
SF:lib\feature\settings\application\_generated\import_export_data_service.g.dart
DA:9,0
DA:14,0
DA:15,0
LF:3
LH:0
end_of_record
SF:lib\feature\settings\domain\repository\import_export_data_repository.dart
DA:15,0
DA:17,0
DA:19,0
DA:20,0
DA:22,0
DA:23,0
DA:29,1
DA:42,1
DA:43,3
DA:44,2
DA:46,2
DA:47,2
DA:48,2
DA:49,2
DA:51,1
DA:52,1
DA:55,2
DA:58,1
DA:59,2
DA:60,1
DA:61,1
DA:68,0
DA:69,0
DA:70,0
DA:72,0
DA:73,0
DA:75,0
DA:76,0
DA:78,0
DA:83,0
DA:84,0
DA:86,0
DA:88,0
DA:90,0
DA:92,0
DA:94,0
DA:95,0
DA:96,0
DA:99,0
DA:102,0
DA:108,0
DA:110,0
DA:111,0
DA:112,0
DA:115,0
DA:120,0
DA:122,0
LF:47
LH:15
end_of_record
SF:lib\feature\settings\domain\repository\_generated\import_export_data_repository.g.dart
DA:9,0
DA:14,0
DA:15,0
LF:3
LH:0
end_of_record
SF:lib\feature\settings\data\data_source\file_picker_data_source.dart
DA:9,0
DA:11,0
DA:15,0
DA:16,0
DA:18,0
DA:21,0
DA:24,0
DA:25,0
DA:30,0
DA:36,0
LF:10
LH:0
end_of_record
SF:lib\feature\settings\data\data_source\_generated\file_picker_data_source.g.dart
DA:9,0
DA:14,0
DA:15,0
LF:3
LH:0
end_of_record
SF:lib\shared\domain\repository\app_info_repository.dart
DA:6,0
DA:8,0
DA:12,1
DA:16,1
DA:17,2
DA:20,1
DA:21,2
LF:7
LH:5
end_of_record
SF:lib\shared\domain\repository\_generated\app_info_repository.g.dart
DA:9,0
DA:13,0
DA:14,0
LF:3
LH:0
end_of_record
SF:lib\shared\utils\helpers.dart
DA:4,0
DA:8,1
DA:16,1
DA:20,2
DA:24,5
DA:25,1
DA:27,3
DA:30,3
DA:33,1
DA:36,1
LF:10
LH:9
end_of_record
